<?xml version="1.0" encoding="UTF-8"?>
<!-- Generated by org.testng.reporters.JUnitReportReporter -->
<testsuite skipped="0" hostname="idea-PC" name="com.rameshsoft.reports.GmailTest" tests="2" failures="0" timestamp="08 Dec 2017 07:09:04 GMT" time="130.039" errors="0">
  <testcase name="gmailLogin" time="40.638" classname="com.rameshsoft.reports.GmailTest"/>
  <testcase name="face" time="89.401" classname="com.rameshsoft.reports.GmailTest"/>
</testsuite> <!-- com.rameshsoft.reports.GmailTest -->
