<?xml version="1.0" encoding="UTF-8"?>
<!-- Generated by org.testng.reporters.JUnitReportReporter -->
<testsuite skipped="0" hostname="idea-PC" name="com.rameshsoft.MavenReport1.AppTest" tests="1" failures="0" timestamp="08 Dec 2017 07:09:06 GMT" time="0.001" errors="0">
  <testcase name="testApp" time="0.001" classname="com.rameshsoft.MavenReport1.AppTest"/>
</testsuite> <!-- com.rameshsoft.MavenReport1.AppTest -->
